[2023-07-10 00:58:01Z INFO HostContext] No proxy settings were found based on environmental variables (http_proxy/https_proxy/HTTP_PROXY/HTTPS_PROXY)
[2023-07-10 00:58:01Z INFO HostContext] Well known directory 'Bin': '/home/phunghx2/Week1_Ubuntu/actions-runner/bin'
[2023-07-10 00:58:01Z INFO HostContext] Well known directory 'Root': '/home/phunghx2/Week1_Ubuntu/actions-runner'
[2023-07-10 00:58:01Z INFO HostContext] Well known config file 'Credentials': '/home/phunghx2/Week1_Ubuntu/actions-runner/.credentials'
[2023-07-10 00:58:01Z INFO HostContext] Well known directory 'Bin': '/home/phunghx2/Week1_Ubuntu/actions-runner/bin'
[2023-07-10 00:58:01Z INFO HostContext] Well known directory 'Root': '/home/phunghx2/Week1_Ubuntu/actions-runner'
[2023-07-10 00:58:01Z INFO HostContext] Well known config file 'Runner': '/home/phunghx2/Week1_Ubuntu/actions-runner/.runner'
[2023-07-10 00:58:01Z INFO Listener] Runner is built for Linux (X64) - linux-x64.
[2023-07-10 00:58:01Z INFO Listener] RuntimeInformation: Linux 5.19.0-46-generic #47~22.04.1-Ubuntu SMP PREEMPT_DYNAMIC Wed Jun 21 15:35:31 UTC 2.
[2023-07-10 00:58:01Z INFO Listener] Version: 2.305.0
[2023-07-10 00:58:01Z INFO Listener] Commit: 6cbe663c239dba8a109c6ac2801b25f1ed7c51e9
[2023-07-10 00:58:01Z INFO Listener] Culture: en-US
[2023-07-10 00:58:01Z INFO Listener] UI Culture: en-US
[2023-07-10 00:58:01Z INFO HostContext] Well known directory 'Bin': '/home/phunghx2/Week1_Ubuntu/actions-runner/bin'
[2023-07-10 00:58:01Z INFO HostContext] Well known directory 'Root': '/home/phunghx2/Week1_Ubuntu/actions-runner'
[2023-07-10 00:58:01Z INFO Listener] Validating directory permissions for: '/home/phunghx2/Week1_Ubuntu/actions-runner'
[2023-07-10 00:58:01Z INFO CommandLineParser] Parse
[2023-07-10 00:58:01Z INFO CommandLineParser] Parsing 5 args
[2023-07-10 00:58:01Z INFO CommandLineParser] parsing argument
[2023-07-10 00:58:01Z INFO CommandLineParser] HasArgs: False
[2023-07-10 00:58:01Z INFO CommandLineParser] Adding Command: configure
[2023-07-10 00:58:01Z INFO CommandLineParser] parsing argument
[2023-07-10 00:58:01Z INFO CommandLineParser] HasArgs: True
[2023-07-10 00:58:01Z INFO CommandLineParser] arg: url
[2023-07-10 00:58:01Z INFO CommandLineParser] parsing argument
[2023-07-10 00:58:01Z INFO CommandLineParser] HasArgs: True
[2023-07-10 00:58:01Z INFO CommandLineParser] Adding option 'url': 'https://github.com/phunghx/Week1_Ubuntu'
[2023-07-10 00:58:01Z INFO CommandLineParser] parsing argument
[2023-07-10 00:58:01Z INFO CommandLineParser] HasArgs: True
[2023-07-10 00:58:01Z INFO CommandLineParser] arg: token
[2023-07-10 00:58:01Z INFO CommandLineParser] parsing argument
[2023-07-10 00:58:01Z INFO CommandLineParser] HasArgs: True
[2023-07-10 00:58:01Z INFO CommandLineParser] Adding option 'token': '***'
[2023-07-10 00:58:01Z INFO Listener] Arguments parsed
[2023-07-10 00:58:01Z INFO Runner] ExecuteCommand
[2023-07-10 00:58:01Z INFO ConfigurationStore] currentAssemblyLocation: /home/phunghx2/Week1_Ubuntu/actions-runner/bin/Runner.Listener.dll
[2023-07-10 00:58:01Z INFO HostContext] Well known directory 'Bin': '/home/phunghx2/Week1_Ubuntu/actions-runner/bin'
[2023-07-10 00:58:01Z INFO ConfigurationStore] binPath: /home/phunghx2/Week1_Ubuntu/actions-runner/bin
[2023-07-10 00:58:01Z INFO HostContext] Well known directory 'Bin': '/home/phunghx2/Week1_Ubuntu/actions-runner/bin'
[2023-07-10 00:58:01Z INFO HostContext] Well known directory 'Root': '/home/phunghx2/Week1_Ubuntu/actions-runner'
[2023-07-10 00:58:01Z INFO ConfigurationStore] RootFolder: /home/phunghx2/Week1_Ubuntu/actions-runner
[2023-07-10 00:58:01Z INFO HostContext] Well known directory 'Bin': '/home/phunghx2/Week1_Ubuntu/actions-runner/bin'
[2023-07-10 00:58:01Z INFO HostContext] Well known directory 'Root': '/home/phunghx2/Week1_Ubuntu/actions-runner'
[2023-07-10 00:58:01Z INFO HostContext] Well known config file 'Runner': '/home/phunghx2/Week1_Ubuntu/actions-runner/.runner'
[2023-07-10 00:58:01Z INFO ConfigurationStore] ConfigFilePath: /home/phunghx2/Week1_Ubuntu/actions-runner/.runner
[2023-07-10 00:58:01Z INFO HostContext] Well known directory 'Bin': '/home/phunghx2/Week1_Ubuntu/actions-runner/bin'
[2023-07-10 00:58:01Z INFO HostContext] Well known directory 'Root': '/home/phunghx2/Week1_Ubuntu/actions-runner'
[2023-07-10 00:58:01Z INFO HostContext] Well known config file 'Credentials': '/home/phunghx2/Week1_Ubuntu/actions-runner/.credentials'
[2023-07-10 00:58:01Z INFO ConfigurationStore] CredFilePath: /home/phunghx2/Week1_Ubuntu/actions-runner/.credentials
[2023-07-10 00:58:01Z INFO HostContext] Well known directory 'Bin': '/home/phunghx2/Week1_Ubuntu/actions-runner/bin'
[2023-07-10 00:58:01Z INFO HostContext] Well known directory 'Root': '/home/phunghx2/Week1_Ubuntu/actions-runner'
[2023-07-10 00:58:01Z INFO HostContext] Well known config file 'MigratedCredentials': '/home/phunghx2/Week1_Ubuntu/actions-runner/.credentials_migrated'
[2023-07-10 00:58:01Z INFO ConfigurationStore] MigratedCredFilePath: /home/phunghx2/Week1_Ubuntu/actions-runner/.credentials_migrated
[2023-07-10 00:58:01Z INFO HostContext] Well known directory 'Bin': '/home/phunghx2/Week1_Ubuntu/actions-runner/bin'
[2023-07-10 00:58:01Z INFO HostContext] Well known directory 'Root': '/home/phunghx2/Week1_Ubuntu/actions-runner'
[2023-07-10 00:58:01Z INFO HostContext] Well known config file 'Service': '/home/phunghx2/Week1_Ubuntu/actions-runner/.service'
[2023-07-10 00:58:01Z INFO ConfigurationStore] ServiceConfigFilePath: /home/phunghx2/Week1_Ubuntu/actions-runner/.service
[2023-07-10 00:58:01Z INFO CommandSettings] Flag 'help': 'False'
[2023-07-10 00:58:01Z INFO CommandSettings] Flag 'version': 'False'
[2023-07-10 00:58:01Z INFO CommandSettings] Flag 'commit': 'False'
[2023-07-10 00:58:01Z INFO CommandSettings] Flag 'check': 'False'
[2023-07-10 00:58:01Z INFO CommandSettings] Command 'configure': 'True'
[2023-07-10 00:58:01Z INFO Terminal] WRITE LINE: 
[2023-07-10 00:58:01Z INFO Terminal] WRITE LINE: --------------------------------------------------------------------------------
[2023-07-10 00:58:01Z INFO Terminal] WRITE LINE: |        ____ _ _   _   _       _          _        _   _                      |
[2023-07-10 00:58:01Z INFO Terminal] WRITE LINE: |       / ___(_) |_| | | |_   _| |__      / \   ___| |_(_) ___  _ __  ___      |
[2023-07-10 00:58:01Z INFO Terminal] WRITE LINE: |      | |  _| | __| |_| | | | | '_ \    / _ \ / __| __| |/ _ \| '_ \/ __|     |
[2023-07-10 00:58:01Z INFO Terminal] WRITE LINE: |      | |_| | | |_|  _  | |_| | |_) |  / ___ \ (__| |_| | (_) | | | \__ \     |
[2023-07-10 00:58:01Z INFO Terminal] WRITE LINE: |       \____|_|\__|_| |_|\__,_|_.__/  /_/   \_\___|\__|_|\___/|_| |_|___/     |
[2023-07-10 00:58:01Z INFO Terminal] WRITE LINE: |                                                                              |
[2023-07-10 00:58:01Z INFO Terminal] WRITE: |                       
[2023-07-10 00:58:01Z INFO Terminal] WRITE: Self-hosted runner registration
[2023-07-10 00:58:01Z INFO Terminal] WRITE LINE:                         |
[2023-07-10 00:58:01Z INFO Terminal] WRITE LINE: |                                                                              |
[2023-07-10 00:58:01Z INFO Terminal] WRITE LINE: --------------------------------------------------------------------------------
[2023-07-10 00:58:01Z INFO ConfigurationManager] ConfigureAsync
[2023-07-10 00:58:01Z INFO CommandSettings] Flag 'generateServiceConfig': 'False'
[2023-07-10 00:58:01Z INFO ConfigurationStore] IsConfigured()
[2023-07-10 00:58:01Z INFO ConfigurationStore] IsConfigured: False
[2023-07-10 00:58:01Z INFO ConfigurationManager] Is configured: False
[2023-07-10 00:58:01Z INFO CommandSettings] Arg 'url': 'https://github.com/phunghx/Week1_Ubuntu'
[2023-07-10 00:58:01Z INFO CommandSettings] Remove url from Arg dictionary.
[2023-07-10 00:58:01Z INFO CommandSettings] Arg 'token': '***'
[2023-07-10 00:58:01Z INFO CommandSettings] Remove token from Arg dictionary.
[2023-07-10 00:58:02Z INFO ConfigurationManager] Http response code: OK from 'POST https://api.github.com/actions/runner-registration' (C8D6:3AF9:EBFAC1:F8C26C:64AB5799)
[2023-07-10 00:58:02Z INFO ConfigurationManager] Using V2 flow: False
[2023-07-10 00:58:02Z INFO ConfigurationManager] cred retrieved via GitHub auth
[2023-07-10 00:58:02Z INFO RunnerServer] EstablishVssConnection
[2023-07-10 00:58:02Z INFO RunnerServer] Establish connection with 100 seconds timeout.
[2023-07-10 00:58:02Z INFO GitHubActionsService] Starting operation Location.GetConnectionData
[2023-07-10 00:58:02Z INFO RunnerServer] EstablishVssConnection
[2023-07-10 00:58:02Z INFO RunnerServer] Establish connection with 60 seconds timeout.
[2023-07-10 00:58:02Z INFO GitHubActionsService] Starting operation Location.GetConnectionData
[2023-07-10 00:58:02Z INFO RunnerServer] EstablishVssConnection
[2023-07-10 00:58:02Z INFO RunnerServer] Establish connection with 60 seconds timeout.
[2023-07-10 00:58:02Z INFO GitHubActionsService] Starting operation Location.GetConnectionData
[2023-07-10 00:58:03Z INFO GitHubActionsService] Finished operation Location.GetConnectionData
[2023-07-10 00:58:03Z INFO GitHubActionsService] Finished operation Location.GetConnectionData
[2023-07-10 00:58:03Z INFO GitHubActionsService] Finished operation Location.GetConnectionData
[2023-07-10 00:58:03Z INFO Terminal] WRITE LINE: 
[2023-07-10 00:58:03Z INFO ConfigurationManager] Test Connection complete.
[2023-07-10 00:58:03Z INFO HostContext] Well known directory 'Bin': '/home/phunghx2/Week1_Ubuntu/actions-runner/bin'
[2023-07-10 00:58:03Z INFO HostContext] Well known directory 'Root': '/home/phunghx2/Week1_Ubuntu/actions-runner'
[2023-07-10 00:58:03Z INFO HostContext] Well known config file 'RSACredentials': '/home/phunghx2/Week1_Ubuntu/actions-runner/.credentials_rsaparams'
[2023-07-10 00:58:03Z INFO RSAFileKeyManager] Found existing RSA key parameters file /home/phunghx2/Week1_Ubuntu/actions-runner/.credentials_rsaparams
[2023-07-10 00:58:03Z INFO CommandSettings] Arg 'runnergroup': ''
[2023-07-10 00:58:03Z INFO CommandSettings] Flag 'unattended': 'False'
[2023-07-10 00:58:03Z INFO PromptManager] ReadValue
[2023-07-10 00:58:03Z INFO Terminal] WRITE: Enter the name of the runner group to add this runner to: 
[2023-07-10 00:58:03Z INFO Terminal] WRITE: [press Enter for Default] 
[2023-07-10 00:58:03Z INFO Terminal] READ LINE
[2023-07-10 00:58:04Z INFO Terminal] Read value: ''
[2023-07-10 00:58:04Z INFO PromptManager] Falling back to the default: 'Default'
[2023-07-10 00:58:04Z INFO Terminal] WRITE LINE: 
[2023-07-10 00:58:04Z INFO ConfigurationManager] Found a self-hosted runner group with id 1 and name Default
[2023-07-10 00:58:04Z INFO CommandSettings] Flag 'disableupdate': 'False'
[2023-07-10 00:58:04Z INFO CommandSettings] Flag 'ephemeral': 'False'
[2023-07-10 00:58:04Z INFO CommandSettings] Arg 'name': ''
[2023-07-10 00:58:04Z INFO CommandSettings] Flag 'unattended': 'False'
[2023-07-10 00:58:04Z INFO PromptManager] ReadValue
[2023-07-10 00:58:04Z INFO Terminal] WRITE: Enter the name of runner: 
[2023-07-10 00:58:04Z INFO Terminal] WRITE: [press Enter for phunghx] 
[2023-07-10 00:58:04Z INFO Terminal] READ LINE
[2023-07-10 00:58:07Z INFO Terminal] Read value: ''
[2023-07-10 00:58:07Z INFO PromptManager] Falling back to the default: 'phunghx'
[2023-07-10 00:58:07Z INFO Terminal] WRITE LINE: 
[2023-07-10 00:58:07Z INFO CommandSettings] Arg 'labels': ''
[2023-07-10 00:58:07Z INFO CommandSettings] Flag 'unattended': 'False'
[2023-07-10 00:58:07Z INFO PromptManager] ReadValue
[2023-07-10 00:58:07Z INFO Terminal] WRITE: This runner will have the following labels: 'self-hosted', 'Linux', 'X64' 
Enter any additional labels (ex. label-1,label-2): 
[2023-07-10 00:58:07Z INFO Terminal] WRITE: [press Enter to skip] 
[2023-07-10 00:58:07Z INFO Terminal] READ LINE
[2023-07-10 00:58:11Z INFO Terminal] Read value: ''
[2023-07-10 00:58:11Z INFO Terminal] WRITE LINE: 
[2023-07-10 00:58:12Z INFO CommandSettings] Flag 'disableupdate': 'False'
[2023-07-10 00:58:12Z INFO CommandSettings] Flag 'no-default-labels': 'False'
[2023-07-10 00:58:12Z INFO CommandSettings] Flag 'disableupdate': 'False'
[2023-07-10 00:58:12Z INFO CommandSettings] Flag 'ephemeral': 'False'
[2023-07-10 00:58:12Z INFO ConfigurationStore] Saving OAuth credential @ /home/phunghx2/Week1_Ubuntu/actions-runner/.credentials
[2023-07-10 00:58:12Z INFO ConfigurationStore] Credentials Saved.
[2023-07-10 00:58:12Z INFO ConfigurationStore] HasCredentials()
[2023-07-10 00:58:12Z INFO ConfigurationStore] stored True
[2023-07-10 00:58:12Z INFO CredentialManager] GetCredentialProvider
[2023-07-10 00:58:12Z INFO CredentialManager] Creating type OAuth
[2023-07-10 00:58:12Z INFO CredentialManager] Creating credential type: OAuth
[2023-07-10 00:58:12Z INFO RSAFileKeyManager] Loading RSA key parameters from file /home/phunghx2/Week1_Ubuntu/actions-runner/.credentials_rsaparams
[2023-07-10 00:58:12Z INFO RunnerServer] EstablishVssConnection
[2023-07-10 00:58:12Z INFO RunnerServer] Establish connection with 100 seconds timeout.
[2023-07-10 00:58:12Z INFO GitHubActionsService] Starting operation Location.GetConnectionData
[2023-07-10 00:58:12Z INFO RunnerServer] EstablishVssConnection
[2023-07-10 00:58:12Z INFO RunnerServer] Establish connection with 60 seconds timeout.
[2023-07-10 00:58:12Z INFO GitHubActionsService] Starting operation Location.GetConnectionData
[2023-07-10 00:58:12Z INFO RunnerServer] EstablishVssConnection
[2023-07-10 00:58:12Z INFO RunnerServer] Establish connection with 60 seconds timeout.
[2023-07-10 00:58:12Z INFO GitHubActionsService] Starting operation Location.GetConnectionData
[2023-07-10 00:58:13Z INFO GitHubActionsService] Finished operation Location.GetConnectionData
[2023-07-10 00:58:13Z INFO GitHubActionsService] Finished operation Location.GetConnectionData
[2023-07-10 00:58:13Z INFO GitHubActionsService] Finished operation Location.GetConnectionData
[2023-07-10 00:58:14Z INFO RSAFileKeyManager] Loading RSA key parameters from file /home/phunghx2/Week1_Ubuntu/actions-runner/.credentials_rsaparams
[2023-07-10 00:58:14Z INFO RSAFileKeyManager] Loading RSA key parameters from file /home/phunghx2/Week1_Ubuntu/actions-runner/.credentials_rsaparams
[2023-07-10 00:58:15Z INFO GitHubActionsService] AAD Correlation ID for this token request: Unknown
[2023-07-10 00:58:15Z INFO CommandSettings] Arg 'work': ''
[2023-07-10 00:58:15Z INFO CommandSettings] Flag 'unattended': 'False'
[2023-07-10 00:58:15Z INFO PromptManager] ReadValue
[2023-07-10 00:58:15Z INFO Terminal] WRITE: Enter name of work folder: 
[2023-07-10 00:58:15Z INFO Terminal] WRITE: [press Enter for _work] 
[2023-07-10 00:58:15Z INFO Terminal] READ LINE
[2023-07-10 00:58:19Z INFO Terminal] Read value: ''
[2023-07-10 00:58:19Z INFO PromptManager] Falling back to the default: '_work'
[2023-07-10 00:58:19Z INFO ConfigurationStore] Saving runner settings.
[2023-07-10 00:58:19Z INFO ConfigurationStore] Settings Saved.
[2023-07-10 00:58:19Z INFO Terminal] WRITE LINE: 
[2023-07-10 00:58:19Z INFO Terminal] WRITE LINE: 
[2023-07-10 00:58:19Z INFO SystemDControlManager] Service name 'actions.runner.phunghx-Week1_Ubuntu.phunghx.service' display name 'GitHub Actions Runner (phunghx-Week1_Ubuntu.phunghx)' will be used for service configuration.
[2023-07-10 00:58:19Z INFO HostContext] Well known directory 'Bin': '/home/phunghx2/Week1_Ubuntu/actions-runner/bin'
[2023-07-10 00:58:19Z INFO HostContext] Well known directory 'Root': '/home/phunghx2/Week1_Ubuntu/actions-runner'
[2023-07-10 00:58:19Z INFO HostContext] Well known directory 'Bin': '/home/phunghx2/Week1_Ubuntu/actions-runner/bin'
[2023-07-10 00:58:19Z INFO HostContext] Well known directory 'Bin': '/home/phunghx2/Week1_Ubuntu/actions-runner/bin'
[2023-07-10 00:58:19Z INFO HostContext] Well known directory 'Root': '/home/phunghx2/Week1_Ubuntu/actions-runner'
[2023-07-10 00:58:19Z INFO UnixUtil] Which: 'chmod'
[2023-07-10 00:58:19Z INFO UnixUtil] Location: '/usr/bin/chmod'
[2023-07-10 00:58:19Z INFO UnixUtil] Running /usr/bin/chmod 755 "/home/phunghx2/Week1_Ubuntu/actions-runner/svc.sh"
[2023-07-10 00:58:19Z INFO ProcessInvokerWrapper] Starting process:
[2023-07-10 00:58:19Z INFO ProcessInvokerWrapper]   File name: '/usr/bin/chmod'
[2023-07-10 00:58:19Z INFO ProcessInvokerWrapper]   Arguments: '755 "/home/phunghx2/Week1_Ubuntu/actions-runner/svc.sh"'
[2023-07-10 00:58:19Z INFO ProcessInvokerWrapper]   Working directory: '/home/phunghx2/Week1_Ubuntu/actions-runner'
[2023-07-10 00:58:19Z INFO ProcessInvokerWrapper]   Require exit code zero: 'True'
[2023-07-10 00:58:19Z INFO ProcessInvokerWrapper]   Encoding web name:  ; code page: ''
[2023-07-10 00:58:19Z INFO ProcessInvokerWrapper]   Force kill process on cancellation: 'False'
[2023-07-10 00:58:19Z INFO ProcessInvokerWrapper]   Redirected STDIN: 'False'
[2023-07-10 00:58:19Z INFO ProcessInvokerWrapper]   Persist current code page: 'False'
[2023-07-10 00:58:19Z INFO ProcessInvokerWrapper]   Keep redirected STDIN open: 'False'
[2023-07-10 00:58:19Z INFO ProcessInvokerWrapper]   High priority process: 'False'
[2023-07-10 00:58:19Z INFO ProcessInvokerWrapper] Process started with process id 5728, waiting for process exit.
[2023-07-10 00:58:19Z INFO ProcessInvokerWrapper] STDOUT/STDERR stream read finished.
[2023-07-10 00:58:19Z INFO ProcessInvokerWrapper] STDOUT/STDERR stream read finished.
[2023-07-10 00:58:19Z INFO ProcessInvokerWrapper] Finished process 5728 with exit code 0, and elapsed time 00:00:00.0047930.
[2023-07-10 00:58:19Z INFO Listener] Runner execution has finished with return code 0
