[2023-07-10 00:58:35Z INFO HostContext] No proxy settings were found based on environmental variables (http_proxy/https_proxy/HTTP_PROXY/HTTPS_PROXY)
[2023-07-10 00:58:35Z INFO HostContext] Well known directory 'Bin': '/home/phunghx2/Week1_Ubuntu/actions-runner/bin'
[2023-07-10 00:58:35Z INFO HostContext] Well known directory 'Root': '/home/phunghx2/Week1_Ubuntu/actions-runner'
[2023-07-10 00:58:35Z INFO HostContext] Well known config file 'Credentials': '/home/phunghx2/Week1_Ubuntu/actions-runner/.credentials'
[2023-07-10 00:58:35Z INFO HostContext] Well known directory 'Bin': '/home/phunghx2/Week1_Ubuntu/actions-runner/bin'
[2023-07-10 00:58:35Z INFO HostContext] Well known directory 'Root': '/home/phunghx2/Week1_Ubuntu/actions-runner'
[2023-07-10 00:58:35Z INFO HostContext] Well known config file 'Runner': '/home/phunghx2/Week1_Ubuntu/actions-runner/.runner'
[2023-07-10 00:58:35Z INFO Listener] Runner is built for Linux (X64) - linux-x64.
[2023-07-10 00:58:35Z INFO Listener] RuntimeInformation: Linux 5.19.0-46-generic #47~22.04.1-Ubuntu SMP PREEMPT_DYNAMIC Wed Jun 21 15:35:31 UTC 2.
[2023-07-10 00:58:35Z INFO Listener] Version: 2.305.0
[2023-07-10 00:58:35Z INFO Listener] Commit: 6cbe663c239dba8a109c6ac2801b25f1ed7c51e9
[2023-07-10 00:58:35Z INFO Listener] Culture: en-US
[2023-07-10 00:58:35Z INFO Listener] UI Culture: en-US
[2023-07-10 00:58:35Z INFO HostContext] Well known directory 'Bin': '/home/phunghx2/Week1_Ubuntu/actions-runner/bin'
[2023-07-10 00:58:35Z INFO HostContext] Well known directory 'Root': '/home/phunghx2/Week1_Ubuntu/actions-runner'
[2023-07-10 00:58:35Z INFO Listener] Validating directory permissions for: '/home/phunghx2/Week1_Ubuntu/actions-runner'
[2023-07-10 00:58:35Z INFO CommandLineParser] Parse
[2023-07-10 00:58:35Z INFO CommandLineParser] Parsing 1 args
[2023-07-10 00:58:35Z INFO CommandLineParser] parsing argument
[2023-07-10 00:58:35Z INFO CommandLineParser] HasArgs: False
[2023-07-10 00:58:35Z INFO CommandLineParser] Adding Command: run
[2023-07-10 00:58:35Z INFO Listener] Arguments parsed
[2023-07-10 00:58:35Z INFO Runner] ExecuteCommand
[2023-07-10 00:58:35Z INFO ConfigurationStore] currentAssemblyLocation: /home/phunghx2/Week1_Ubuntu/actions-runner/bin/Runner.Listener.dll
[2023-07-10 00:58:35Z INFO HostContext] Well known directory 'Bin': '/home/phunghx2/Week1_Ubuntu/actions-runner/bin'
[2023-07-10 00:58:35Z INFO ConfigurationStore] binPath: /home/phunghx2/Week1_Ubuntu/actions-runner/bin
[2023-07-10 00:58:35Z INFO HostContext] Well known directory 'Bin': '/home/phunghx2/Week1_Ubuntu/actions-runner/bin'
[2023-07-10 00:58:35Z INFO HostContext] Well known directory 'Root': '/home/phunghx2/Week1_Ubuntu/actions-runner'
[2023-07-10 00:58:35Z INFO ConfigurationStore] RootFolder: /home/phunghx2/Week1_Ubuntu/actions-runner
[2023-07-10 00:58:35Z INFO HostContext] Well known directory 'Bin': '/home/phunghx2/Week1_Ubuntu/actions-runner/bin'
[2023-07-10 00:58:35Z INFO HostContext] Well known directory 'Root': '/home/phunghx2/Week1_Ubuntu/actions-runner'
[2023-07-10 00:58:35Z INFO HostContext] Well known config file 'Runner': '/home/phunghx2/Week1_Ubuntu/actions-runner/.runner'
[2023-07-10 00:58:35Z INFO ConfigurationStore] ConfigFilePath: /home/phunghx2/Week1_Ubuntu/actions-runner/.runner
[2023-07-10 00:58:35Z INFO HostContext] Well known directory 'Bin': '/home/phunghx2/Week1_Ubuntu/actions-runner/bin'
[2023-07-10 00:58:35Z INFO HostContext] Well known directory 'Root': '/home/phunghx2/Week1_Ubuntu/actions-runner'
[2023-07-10 00:58:35Z INFO HostContext] Well known config file 'Credentials': '/home/phunghx2/Week1_Ubuntu/actions-runner/.credentials'
[2023-07-10 00:58:35Z INFO ConfigurationStore] CredFilePath: /home/phunghx2/Week1_Ubuntu/actions-runner/.credentials
[2023-07-10 00:58:35Z INFO HostContext] Well known directory 'Bin': '/home/phunghx2/Week1_Ubuntu/actions-runner/bin'
[2023-07-10 00:58:35Z INFO HostContext] Well known directory 'Root': '/home/phunghx2/Week1_Ubuntu/actions-runner'
[2023-07-10 00:58:35Z INFO HostContext] Well known config file 'MigratedCredentials': '/home/phunghx2/Week1_Ubuntu/actions-runner/.credentials_migrated'
[2023-07-10 00:58:35Z INFO ConfigurationStore] MigratedCredFilePath: /home/phunghx2/Week1_Ubuntu/actions-runner/.credentials_migrated
[2023-07-10 00:58:35Z INFO HostContext] Well known directory 'Bin': '/home/phunghx2/Week1_Ubuntu/actions-runner/bin'
[2023-07-10 00:58:35Z INFO HostContext] Well known directory 'Root': '/home/phunghx2/Week1_Ubuntu/actions-runner'
[2023-07-10 00:58:35Z INFO HostContext] Well known config file 'Service': '/home/phunghx2/Week1_Ubuntu/actions-runner/.service'
[2023-07-10 00:58:35Z INFO ConfigurationStore] ServiceConfigFilePath: /home/phunghx2/Week1_Ubuntu/actions-runner/.service
[2023-07-10 00:58:35Z INFO CommandSettings] Flag 'help': 'False'
[2023-07-10 00:58:35Z INFO CommandSettings] Flag 'version': 'False'
[2023-07-10 00:58:35Z INFO CommandSettings] Flag 'commit': 'False'
[2023-07-10 00:58:35Z INFO CommandSettings] Flag 'check': 'False'
[2023-07-10 00:58:35Z INFO CommandSettings] Command 'configure': 'False'
[2023-07-10 00:58:35Z INFO CommandSettings] Command 'remove': 'False'
[2023-07-10 00:58:35Z INFO CommandSettings] Command 'warmup': 'False'
[2023-07-10 00:58:35Z INFO ConfigurationManager] LoadSettings
[2023-07-10 00:58:35Z INFO ConfigurationStore] IsConfigured()
[2023-07-10 00:58:35Z INFO ConfigurationStore] IsConfigured: True
[2023-07-10 00:58:35Z INFO ConfigurationManager] Is configured: True
[2023-07-10 00:58:35Z INFO ConfigurationStore] Read setting file: 285 chars
[2023-07-10 00:58:35Z INFO ConfigurationManager] Settings Loaded
[2023-07-10 00:58:35Z INFO ConfigurationStore] IsServiceConfigured()
[2023-07-10 00:58:35Z INFO ConfigurationStore] IsServiceConfigured: False
[2023-07-10 00:58:35Z INFO CommandSettings] Command 'run': 'True'
[2023-07-10 00:58:35Z INFO ConfigurationStore] IsConfigured()
[2023-07-10 00:58:35Z INFO ConfigurationStore] IsConfigured: True
[2023-07-10 00:58:35Z INFO ConfigurationManager] Is configured: True
[2023-07-10 00:58:35Z INFO Runner] Could not parse the argument value '' for StartupType. Defaulting to Manual
[2023-07-10 00:58:35Z INFO Runner] Set runner startup type - Manual
[2023-07-10 00:58:35Z INFO CommandSettings] Flag 'once': 'False'
[2023-07-10 00:58:35Z INFO CommandSettings] Flag 'once': 'False'
[2023-07-10 00:58:35Z INFO Runner] RunAsync
[2023-07-10 00:58:35Z INFO ConfigurationManager] LoadSettings
[2023-07-10 00:58:35Z INFO ConfigurationStore] IsConfigured()
[2023-07-10 00:58:35Z INFO ConfigurationStore] IsConfigured: True
[2023-07-10 00:58:35Z INFO ConfigurationManager] Is configured: True
[2023-07-10 00:58:35Z INFO ConfigurationManager] Settings Loaded
[2023-07-10 00:58:35Z INFO MessageListener] {
  "AgentId": 22,
  "AgentName": "phunghx",
  "PoolId": 1,
  "PoolName": "Default",
  "ServerUrl": "https://pipelines.actions.githubusercontent.com/KKJQSLy9D6hjh8pBSxRoNdoGKPa5fXyIl1k5hFmVe689ZTv9nx",
  "GitHubUrl": "https://github.com/phunghx/Week1_Ubuntu",
  "WorkFolder": "_work"
}
[2023-07-10 00:58:35Z INFO MessageListener] Loading Credentials
[2023-07-10 00:58:35Z INFO ConfigurationStore] HasCredentials()
[2023-07-10 00:58:35Z INFO ConfigurationStore] stored True
[2023-07-10 00:58:35Z INFO CredentialManager] GetCredentialProvider
[2023-07-10 00:58:35Z INFO CredentialManager] Creating type OAuth
[2023-07-10 00:58:35Z INFO CredentialManager] Creating credential type: OAuth
[2023-07-10 00:58:35Z INFO HostContext] Well known directory 'Bin': '/home/phunghx2/Week1_Ubuntu/actions-runner/bin'
[2023-07-10 00:58:35Z INFO HostContext] Well known directory 'Root': '/home/phunghx2/Week1_Ubuntu/actions-runner'
[2023-07-10 00:58:35Z INFO HostContext] Well known config file 'RSACredentials': '/home/phunghx2/Week1_Ubuntu/actions-runner/.credentials_rsaparams'
[2023-07-10 00:58:35Z INFO RSAFileKeyManager] Loading RSA key parameters from file /home/phunghx2/Week1_Ubuntu/actions-runner/.credentials_rsaparams
[2023-07-10 00:58:35Z INFO MessageListener] Attempt to create session.
[2023-07-10 00:58:35Z INFO MessageListener] Connecting to the Runner Server...
[2023-07-10 00:58:35Z INFO RunnerServer] EstablishVssConnection
[2023-07-10 00:58:35Z INFO RunnerServer] Establish connection with 100 seconds timeout.
[2023-07-10 00:58:35Z INFO GitHubActionsService] Starting operation Location.GetConnectionData
[2023-07-10 00:58:35Z INFO RunnerServer] EstablishVssConnection
[2023-07-10 00:58:35Z INFO RunnerServer] Establish connection with 60 seconds timeout.
[2023-07-10 00:58:35Z INFO GitHubActionsService] Starting operation Location.GetConnectionData
[2023-07-10 00:58:35Z INFO RunnerServer] EstablishVssConnection
[2023-07-10 00:58:35Z INFO RunnerServer] Establish connection with 60 seconds timeout.
[2023-07-10 00:58:35Z INFO GitHubActionsService] Starting operation Location.GetConnectionData
[2023-07-10 00:58:36Z INFO GitHubActionsService] Finished operation Location.GetConnectionData
[2023-07-10 00:58:36Z INFO GitHubActionsService] Finished operation Location.GetConnectionData
[2023-07-10 00:58:37Z INFO GitHubActionsService] Finished operation Location.GetConnectionData
[2023-07-10 00:58:37Z INFO MessageListener] VssConnection created
[2023-07-10 00:58:37Z INFO Terminal] WRITE LINE: 
[2023-07-10 00:58:37Z INFO Terminal] WRITE LINE: 
[2023-07-10 00:58:38Z INFO RSAFileKeyManager] Loading RSA key parameters from file /home/phunghx2/Week1_Ubuntu/actions-runner/.credentials_rsaparams
[2023-07-10 00:58:38Z INFO RSAFileKeyManager] Loading RSA key parameters from file /home/phunghx2/Week1_Ubuntu/actions-runner/.credentials_rsaparams
[2023-07-10 00:58:39Z INFO GitHubActionsService] AAD Correlation ID for this token request: Unknown
[2023-07-10 00:58:39Z INFO MessageListener] Session created.
[2023-07-10 00:58:39Z INFO Terminal] WRITE LINE: Current runner version: '2.305.0'
[2023-07-10 00:58:39Z INFO Terminal] WRITE LINE: 2023-07-10 00:58:39Z: Listening for Jobs
[2023-07-10 00:58:39Z INFO JobDispatcher] Set runner/worker IPC timeout to 30 seconds.
[2023-07-10 00:58:42Z INFO RSAFileKeyManager] Loading RSA key parameters from file /home/phunghx2/Week1_Ubuntu/actions-runner/.credentials_rsaparams
[2023-07-10 00:58:42Z INFO MessageListener] Message '1' received from session 'e9aef116-2752-4c72-a034-c01a588d4a1c'.
[2023-07-10 00:58:42Z INFO Runner] Received job message of length 20587 from service, with hash '7192ccfc32157b711a929e0b20eb020efcb259cdce8b66d9d980ac0a86e02ce4'
[2023-07-10 00:58:43Z INFO JobDispatcher] Job request 1 for plan 160ce2dc-e1ad-4736-b540-8f8969361bfb job a047640a-23da-5e9b-1ef8-917a09b3753a received.
[2023-07-10 00:58:43Z INFO JobDispatcher] Pull OrchestrationId 160ce2dc-e1ad-4736-b540-8f8969361bfb.full-test.__default from JWT claims
[2023-07-10 00:58:43Z INFO Terminal] WRITE LINE: 2023-07-10 00:58:43Z: Running job: full-test
[2023-07-10 00:58:43Z INFO JobDispatcher] Start renew job request 1 for job a047640a-23da-5e9b-1ef8-917a09b3753a.
[2023-07-10 00:58:43Z INFO JobDispatcher] Successfully renew job request 1, job is valid till 7/10/2023 1:08:43 AM
[2023-07-10 00:58:43Z INFO HostContext] Well known directory 'Bin': '/home/phunghx2/Week1_Ubuntu/actions-runner/bin'
[2023-07-10 00:58:43Z INFO ProcessInvokerWrapper] Starting process:
[2023-07-10 00:58:43Z INFO ProcessInvokerWrapper]   File name: '/home/phunghx2/Week1_Ubuntu/actions-runner/bin/Runner.Worker'
[2023-07-10 00:58:43Z INFO ProcessInvokerWrapper]   Arguments: 'spawnclient 107 110'
[2023-07-10 00:58:43Z INFO ProcessInvokerWrapper]   Working directory: '/home/phunghx2/Week1_Ubuntu/actions-runner/bin'
[2023-07-10 00:58:43Z INFO ProcessInvokerWrapper]   Require exit code zero: 'False'
[2023-07-10 00:58:43Z INFO ProcessInvokerWrapper]   Encoding web name:  ; code page: ''
[2023-07-10 00:58:43Z INFO ProcessInvokerWrapper]   Force kill process on cancellation: 'True'
[2023-07-10 00:58:43Z INFO ProcessInvokerWrapper]   Redirected STDIN: 'False'
[2023-07-10 00:58:43Z INFO ProcessInvokerWrapper]   Persist current code page: 'False'
[2023-07-10 00:58:43Z INFO ProcessInvokerWrapper]   Keep redirected STDIN open: 'False'
[2023-07-10 00:58:43Z INFO ProcessInvokerWrapper]   High priority process: 'True'
[2023-07-10 00:58:43Z INFO ProcessInvokerWrapper] Process started with process id 5804, waiting for process exit.
[2023-07-10 00:58:43Z INFO JobDispatcher] Send job request message to worker for job a047640a-23da-5e9b-1ef8-917a09b3753a.
[2023-07-10 00:58:43Z INFO ProcessChannel] Sending message of length 20587, with hash '7192ccfc32157b711a929e0b20eb020efcb259cdce8b66d9d980ac0a86e02ce4'
[2023-07-10 00:58:43Z INFO JobNotification] Entering JobStarted Notification
[2023-07-10 00:58:43Z INFO JobNotification] Entering StartMonitor
[2023-07-10 00:59:16Z INFO ProcessInvokerWrapper] STDOUT/STDERR stream read finished.
[2023-07-10 00:59:16Z INFO ProcessInvokerWrapper] STDOUT/STDERR stream read finished.
[2023-07-10 00:59:16Z INFO ProcessInvokerWrapper] Finished process 5804 with exit code 100, and elapsed time 00:00:33.1360787.
[2023-07-10 00:59:16Z INFO JobDispatcher] Worker finished for job a047640a-23da-5e9b-1ef8-917a09b3753a. Code: 100
[2023-07-10 00:59:16Z INFO JobDispatcher] finish job request for job a047640a-23da-5e9b-1ef8-917a09b3753a with result: Succeeded
[2023-07-10 00:59:16Z INFO Terminal] WRITE LINE: 2023-07-10 00:59:16Z: Job full-test completed with result: Succeeded
[2023-07-10 00:59:16Z INFO JobDispatcher] Stop renew job request for job a047640a-23da-5e9b-1ef8-917a09b3753a.
[2023-07-10 00:59:16Z INFO JobDispatcher] job renew has been cancelled, stop renew job request 1.
[2023-07-10 00:59:16Z INFO JobNotification] Entering JobCompleted Notification
[2023-07-10 00:59:16Z INFO JobNotification] Entering EndMonitor
[2023-07-10 00:59:18Z INFO RSAFileKeyManager] Loading RSA key parameters from file /home/phunghx2/Week1_Ubuntu/actions-runner/.credentials_rsaparams
[2023-07-10 00:59:18Z INFO MessageListener] Message '2' received from session 'e9aef116-2752-4c72-a034-c01a588d4a1c'.
[2023-07-10 00:59:18Z INFO Runner] Received job message of length 20585 from service, with hash 'f2c6838d1a399dd82431bea1cf5d762e1b38faf2ceff7c9b04ab88603c9e567f'
[2023-07-10 00:59:18Z INFO JobDispatcher] Job request 2 for plan 160ce2dc-e1ad-4736-b540-8f8969361bfb job 0e10f8dd-85b5-5bee-19c6-47fc7db6f171 received.
[2023-07-10 00:59:18Z INFO JobDispatcher] Pull OrchestrationId 160ce2dc-e1ad-4736-b540-8f8969361bfb.unit-test.__default from JWT claims
[2023-07-10 00:59:18Z INFO JobDispatcher] Job request a047640a-23da-5e9b-1ef8-917a09b3753a processed succeed.
[2023-07-10 00:59:18Z INFO Terminal] WRITE LINE: 2023-07-10 00:59:18Z: Running job: unit-test
[2023-07-10 00:59:18Z INFO JobDispatcher] Start renew job request 2 for job 0e10f8dd-85b5-5bee-19c6-47fc7db6f171.
[2023-07-10 00:59:19Z INFO JobDispatcher] Successfully renew job request 2, job is valid till 7/10/2023 1:09:19 AM
[2023-07-10 00:59:19Z INFO HostContext] Well known directory 'Bin': '/home/phunghx2/Week1_Ubuntu/actions-runner/bin'
[2023-07-10 00:59:19Z INFO ProcessInvokerWrapper] Starting process:
[2023-07-10 00:59:19Z INFO ProcessInvokerWrapper]   File name: '/home/phunghx2/Week1_Ubuntu/actions-runner/bin/Runner.Worker'
[2023-07-10 00:59:19Z INFO ProcessInvokerWrapper]   Arguments: 'spawnclient 107 110'
[2023-07-10 00:59:19Z INFO ProcessInvokerWrapper]   Working directory: '/home/phunghx2/Week1_Ubuntu/actions-runner/bin'
[2023-07-10 00:59:19Z INFO ProcessInvokerWrapper]   Require exit code zero: 'False'
[2023-07-10 00:59:19Z INFO ProcessInvokerWrapper]   Encoding web name:  ; code page: ''
[2023-07-10 00:59:19Z INFO ProcessInvokerWrapper]   Force kill process on cancellation: 'True'
[2023-07-10 00:59:19Z INFO ProcessInvokerWrapper]   Redirected STDIN: 'False'
[2023-07-10 00:59:19Z INFO ProcessInvokerWrapper]   Persist current code page: 'False'
[2023-07-10 00:59:19Z INFO ProcessInvokerWrapper]   Keep redirected STDIN open: 'False'
[2023-07-10 00:59:19Z INFO ProcessInvokerWrapper]   High priority process: 'True'
[2023-07-10 00:59:19Z INFO ProcessInvokerWrapper] Process started with process id 7120, waiting for process exit.
[2023-07-10 00:59:19Z INFO JobDispatcher] Send job request message to worker for job 0e10f8dd-85b5-5bee-19c6-47fc7db6f171.
[2023-07-10 00:59:19Z INFO ProcessChannel] Sending message of length 20585, with hash 'f2c6838d1a399dd82431bea1cf5d762e1b38faf2ceff7c9b04ab88603c9e567f'
[2023-07-10 00:59:19Z INFO JobNotification] Entering JobStarted Notification
[2023-07-10 00:59:19Z INFO JobNotification] Entering StartMonitor
[2023-07-10 00:59:35Z INFO ProcessInvokerWrapper] STDOUT/STDERR stream read finished.
[2023-07-10 00:59:35Z INFO ProcessInvokerWrapper] STDOUT/STDERR stream read finished.
[2023-07-10 00:59:35Z INFO ProcessInvokerWrapper] Finished process 7120 with exit code 100, and elapsed time 00:00:16.3622453.
[2023-07-10 00:59:35Z INFO JobDispatcher] Worker finished for job 0e10f8dd-85b5-5bee-19c6-47fc7db6f171. Code: 100
[2023-07-10 00:59:35Z INFO JobDispatcher] finish job request for job 0e10f8dd-85b5-5bee-19c6-47fc7db6f171 with result: Succeeded
[2023-07-10 00:59:35Z INFO Terminal] WRITE LINE: 2023-07-10 00:59:35Z: Job unit-test completed with result: Succeeded
[2023-07-10 00:59:35Z INFO JobDispatcher] Stop renew job request for job 0e10f8dd-85b5-5bee-19c6-47fc7db6f171.
[2023-07-10 00:59:35Z INFO JobDispatcher] job renew has been cancelled, stop renew job request 2.
[2023-07-10 00:59:35Z INFO JobNotification] Entering JobCompleted Notification
[2023-07-10 00:59:35Z INFO JobNotification] Entering EndMonitor
[2023-07-10 01:05:09Z INFO Terminal] WRITE LINE: Exiting...
[2023-07-10 01:05:09Z INFO ConfigurationStore] IsServiceConfigured()
[2023-07-10 01:05:09Z INFO ConfigurationStore] IsServiceConfigured: False
[2023-07-10 01:05:09Z INFO HostContext] Runner will be shutdown for UserCancelled
[2023-07-10 01:05:09Z WARN GitHubActionsService] GET request to https://pipelines.actions.githubusercontent.com/KKJQSLy9D6hjh8pBSxRoNdoGKPa5fXyIl1k5hFmVe689ZTv9nx/_apis/distributedtask/pools/1/messages?sessionId=e9aef116-2752-4c72-a034-c01a588d4a1c&lastMessageId=2&status=Online&runnerVersion=2.305.0 has been cancelled.
[2023-07-10 01:05:09Z INFO MessageListener] Get next message has been cancelled.
[2023-07-10 01:05:09Z INFO JobDispatcher] Shutting down JobDispatcher. Make sure all WorkerDispatcher has finished.
[2023-07-10 01:05:09Z INFO JobDispatcher] Ensure WorkerDispather for job 0e10f8dd-85b5-5bee-19c6-47fc7db6f171 run to finish, cancel any running job.
[2023-07-10 01:05:09Z INFO JobDispatcher] Job request 0e10f8dd-85b5-5bee-19c6-47fc7db6f171 processed succeed.
[2023-07-10 01:05:11Z INFO Listener] Runner execution been cancelled.
