[2023-07-10 00:57:30Z INFO HostContext] No proxy settings were found based on environmental variables (http_proxy/https_proxy/HTTP_PROXY/HTTPS_PROXY)
[2023-07-10 00:57:30Z INFO HostContext] Well known directory 'Bin': '/home/phunghx2/Week1_Ubuntu/actions-runner/bin'
[2023-07-10 00:57:30Z INFO HostContext] Well known directory 'Root': '/home/phunghx2/Week1_Ubuntu/actions-runner'
[2023-07-10 00:57:30Z INFO HostContext] Well known config file 'Credentials': '/home/phunghx2/Week1_Ubuntu/actions-runner/.credentials'
[2023-07-10 00:57:30Z INFO HostContext] Well known directory 'Bin': '/home/phunghx2/Week1_Ubuntu/actions-runner/bin'
[2023-07-10 00:57:30Z INFO HostContext] Well known directory 'Root': '/home/phunghx2/Week1_Ubuntu/actions-runner'
[2023-07-10 00:57:30Z INFO HostContext] Well known config file 'Runner': '/home/phunghx2/Week1_Ubuntu/actions-runner/.runner'
[2023-07-10 00:57:30Z INFO Listener] Runner is built for Linux (X64) - linux-x64.
[2023-07-10 00:57:30Z INFO Listener] RuntimeInformation: Linux 5.19.0-46-generic #47~22.04.1-Ubuntu SMP PREEMPT_DYNAMIC Wed Jun 21 15:35:31 UTC 2.
[2023-07-10 00:57:30Z INFO Listener] Version: 2.305.0
[2023-07-10 00:57:30Z INFO Listener] Commit: 6cbe663c239dba8a109c6ac2801b25f1ed7c51e9
[2023-07-10 00:57:30Z INFO Listener] Culture: en-US
[2023-07-10 00:57:30Z INFO Listener] UI Culture: en-US
[2023-07-10 00:57:30Z INFO HostContext] Well known directory 'Bin': '/home/phunghx2/Week1_Ubuntu/actions-runner/bin'
[2023-07-10 00:57:30Z INFO HostContext] Well known directory 'Root': '/home/phunghx2/Week1_Ubuntu/actions-runner'
[2023-07-10 00:57:30Z INFO Listener] Validating directory permissions for: '/home/phunghx2/Week1_Ubuntu/actions-runner'
[2023-07-10 00:57:30Z INFO CommandLineParser] Parse
[2023-07-10 00:57:30Z INFO CommandLineParser] Parsing 5 args
[2023-07-10 00:57:30Z INFO CommandLineParser] parsing argument
[2023-07-10 00:57:30Z INFO CommandLineParser] HasArgs: False
[2023-07-10 00:57:30Z INFO CommandLineParser] Adding Command: configure
[2023-07-10 00:57:30Z INFO CommandLineParser] parsing argument
[2023-07-10 00:57:30Z INFO CommandLineParser] HasArgs: True
[2023-07-10 00:57:30Z INFO CommandLineParser] arg: url
[2023-07-10 00:57:30Z INFO CommandLineParser] parsing argument
[2023-07-10 00:57:30Z INFO CommandLineParser] HasArgs: True
[2023-07-10 00:57:30Z INFO CommandLineParser] Adding option 'url': 'https://github.com/phunghx/Week1_Ubuntu'
[2023-07-10 00:57:30Z INFO CommandLineParser] parsing argument
[2023-07-10 00:57:30Z INFO CommandLineParser] HasArgs: True
[2023-07-10 00:57:30Z INFO CommandLineParser] arg: token
[2023-07-10 00:57:30Z INFO CommandLineParser] parsing argument
[2023-07-10 00:57:30Z INFO CommandLineParser] HasArgs: True
[2023-07-10 00:57:31Z INFO CommandLineParser] Adding option 'token': '***'
[2023-07-10 00:57:31Z INFO Listener] Arguments parsed
[2023-07-10 00:57:31Z INFO Runner] ExecuteCommand
[2023-07-10 00:57:31Z INFO ConfigurationStore] currentAssemblyLocation: /home/phunghx2/Week1_Ubuntu/actions-runner/bin/Runner.Listener.dll
[2023-07-10 00:57:31Z INFO HostContext] Well known directory 'Bin': '/home/phunghx2/Week1_Ubuntu/actions-runner/bin'
[2023-07-10 00:57:31Z INFO ConfigurationStore] binPath: /home/phunghx2/Week1_Ubuntu/actions-runner/bin
[2023-07-10 00:57:31Z INFO HostContext] Well known directory 'Bin': '/home/phunghx2/Week1_Ubuntu/actions-runner/bin'
[2023-07-10 00:57:31Z INFO HostContext] Well known directory 'Root': '/home/phunghx2/Week1_Ubuntu/actions-runner'
[2023-07-10 00:57:31Z INFO ConfigurationStore] RootFolder: /home/phunghx2/Week1_Ubuntu/actions-runner
[2023-07-10 00:57:31Z INFO HostContext] Well known directory 'Bin': '/home/phunghx2/Week1_Ubuntu/actions-runner/bin'
[2023-07-10 00:57:31Z INFO HostContext] Well known directory 'Root': '/home/phunghx2/Week1_Ubuntu/actions-runner'
[2023-07-10 00:57:31Z INFO HostContext] Well known config file 'Runner': '/home/phunghx2/Week1_Ubuntu/actions-runner/.runner'
[2023-07-10 00:57:31Z INFO ConfigurationStore] ConfigFilePath: /home/phunghx2/Week1_Ubuntu/actions-runner/.runner
[2023-07-10 00:57:31Z INFO HostContext] Well known directory 'Bin': '/home/phunghx2/Week1_Ubuntu/actions-runner/bin'
[2023-07-10 00:57:31Z INFO HostContext] Well known directory 'Root': '/home/phunghx2/Week1_Ubuntu/actions-runner'
[2023-07-10 00:57:31Z INFO HostContext] Well known config file 'Credentials': '/home/phunghx2/Week1_Ubuntu/actions-runner/.credentials'
[2023-07-10 00:57:31Z INFO ConfigurationStore] CredFilePath: /home/phunghx2/Week1_Ubuntu/actions-runner/.credentials
[2023-07-10 00:57:31Z INFO HostContext] Well known directory 'Bin': '/home/phunghx2/Week1_Ubuntu/actions-runner/bin'
[2023-07-10 00:57:31Z INFO HostContext] Well known directory 'Root': '/home/phunghx2/Week1_Ubuntu/actions-runner'
[2023-07-10 00:57:31Z INFO HostContext] Well known config file 'MigratedCredentials': '/home/phunghx2/Week1_Ubuntu/actions-runner/.credentials_migrated'
[2023-07-10 00:57:31Z INFO ConfigurationStore] MigratedCredFilePath: /home/phunghx2/Week1_Ubuntu/actions-runner/.credentials_migrated
[2023-07-10 00:57:31Z INFO HostContext] Well known directory 'Bin': '/home/phunghx2/Week1_Ubuntu/actions-runner/bin'
[2023-07-10 00:57:31Z INFO HostContext] Well known directory 'Root': '/home/phunghx2/Week1_Ubuntu/actions-runner'
[2023-07-10 00:57:31Z INFO HostContext] Well known config file 'Service': '/home/phunghx2/Week1_Ubuntu/actions-runner/.service'
[2023-07-10 00:57:31Z INFO ConfigurationStore] ServiceConfigFilePath: /home/phunghx2/Week1_Ubuntu/actions-runner/.service
[2023-07-10 00:57:31Z INFO CommandSettings] Flag 'help': 'False'
[2023-07-10 00:57:31Z INFO CommandSettings] Flag 'version': 'False'
[2023-07-10 00:57:31Z INFO CommandSettings] Flag 'commit': 'False'
[2023-07-10 00:57:31Z INFO CommandSettings] Flag 'check': 'False'
[2023-07-10 00:57:31Z INFO CommandSettings] Command 'configure': 'True'
[2023-07-10 00:57:31Z INFO Terminal] WRITE LINE: 
[2023-07-10 00:57:31Z INFO Terminal] WRITE LINE: --------------------------------------------------------------------------------
[2023-07-10 00:57:31Z INFO Terminal] WRITE LINE: |        ____ _ _   _   _       _          _        _   _                      |
[2023-07-10 00:57:31Z INFO Terminal] WRITE LINE: |       / ___(_) |_| | | |_   _| |__      / \   ___| |_(_) ___  _ __  ___      |
[2023-07-10 00:57:31Z INFO Terminal] WRITE LINE: |      | |  _| | __| |_| | | | | '_ \    / _ \ / __| __| |/ _ \| '_ \/ __|     |
[2023-07-10 00:57:31Z INFO Terminal] WRITE LINE: |      | |_| | | |_|  _  | |_| | |_) |  / ___ \ (__| |_| | (_) | | | \__ \     |
[2023-07-10 00:57:31Z INFO Terminal] WRITE LINE: |       \____|_|\__|_| |_|\__,_|_.__/  /_/   \_\___|\__|_|\___/|_| |_|___/     |
[2023-07-10 00:57:31Z INFO Terminal] WRITE LINE: |                                                                              |
[2023-07-10 00:57:31Z INFO Terminal] WRITE: |                       
[2023-07-10 00:57:31Z INFO Terminal] WRITE: Self-hosted runner registration
[2023-07-10 00:57:31Z INFO Terminal] WRITE LINE:                         |
[2023-07-10 00:57:31Z INFO Terminal] WRITE LINE: |                                                                              |
[2023-07-10 00:57:31Z INFO Terminal] WRITE LINE: --------------------------------------------------------------------------------
[2023-07-10 00:57:31Z INFO ConfigurationManager] ConfigureAsync
[2023-07-10 00:57:31Z INFO CommandSettings] Flag 'generateServiceConfig': 'False'
[2023-07-10 00:57:31Z INFO ConfigurationStore] IsConfigured()
[2023-07-10 00:57:31Z INFO ConfigurationStore] IsConfigured: False
[2023-07-10 00:57:31Z INFO ConfigurationManager] Is configured: False
[2023-07-10 00:57:31Z INFO CommandSettings] Arg 'url': 'https://github.com/phunghx/Week1_Ubuntu'
[2023-07-10 00:57:31Z INFO CommandSettings] Remove url from Arg dictionary.
[2023-07-10 00:57:31Z INFO CommandSettings] Arg 'token': '***'
[2023-07-10 00:57:31Z INFO CommandSettings] Remove token from Arg dictionary.
[2023-07-10 00:57:31Z INFO ConfigurationManager] Http response code: OK from 'POST https://api.github.com/actions/runner-registration' (2C28:3446:EA2B65:F6F1FC:64AB577B)
[2023-07-10 00:57:31Z INFO ConfigurationManager] Using V2 flow: False
[2023-07-10 00:57:31Z INFO ConfigurationManager] cred retrieved via GitHub auth
[2023-07-10 00:57:31Z INFO RunnerServer] EstablishVssConnection
[2023-07-10 00:57:31Z INFO RunnerServer] Establish connection with 100 seconds timeout.
[2023-07-10 00:57:31Z INFO GitHubActionsService] Starting operation Location.GetConnectionData
[2023-07-10 00:57:31Z INFO RunnerServer] EstablishVssConnection
[2023-07-10 00:57:31Z INFO RunnerServer] Establish connection with 60 seconds timeout.
[2023-07-10 00:57:31Z INFO GitHubActionsService] Starting operation Location.GetConnectionData
[2023-07-10 00:57:31Z INFO RunnerServer] EstablishVssConnection
[2023-07-10 00:57:31Z INFO RunnerServer] Establish connection with 60 seconds timeout.
[2023-07-10 00:57:31Z INFO GitHubActionsService] Starting operation Location.GetConnectionData
[2023-07-10 00:57:34Z INFO GitHubActionsService] Finished operation Location.GetConnectionData
[2023-07-10 00:57:34Z INFO GitHubActionsService] Finished operation Location.GetConnectionData
[2023-07-10 00:57:34Z INFO GitHubActionsService] Finished operation Location.GetConnectionData
[2023-07-10 00:57:34Z INFO Terminal] WRITE LINE: 
[2023-07-10 00:57:34Z INFO ConfigurationManager] Test Connection complete.
[2023-07-10 00:57:34Z INFO HostContext] Well known directory 'Bin': '/home/phunghx2/Week1_Ubuntu/actions-runner/bin'
[2023-07-10 00:57:34Z INFO HostContext] Well known directory 'Root': '/home/phunghx2/Week1_Ubuntu/actions-runner'
[2023-07-10 00:57:34Z INFO HostContext] Well known config file 'RSACredentials': '/home/phunghx2/Week1_Ubuntu/actions-runner/.credentials_rsaparams'
[2023-07-10 00:57:34Z INFO RSAFileKeyManager] Creating new RSA key using 2048-bit key length
[2023-07-10 00:57:34Z INFO RSAFileKeyManager] Successfully saved RSA key parameters to file /home/phunghx2/Week1_Ubuntu/actions-runner/.credentials_rsaparams
[2023-07-10 00:57:34Z INFO RSAFileKeyManager] Which: 'chmod'
[2023-07-10 00:57:34Z INFO RSAFileKeyManager] Location: '/usr/bin/chmod'
[2023-07-10 00:57:34Z INFO HostContext] Well known directory 'Bin': '/home/phunghx2/Week1_Ubuntu/actions-runner/bin'
[2023-07-10 00:57:34Z INFO HostContext] Well known directory 'Root': '/home/phunghx2/Week1_Ubuntu/actions-runner'
[2023-07-10 00:57:34Z INFO ProcessInvokerWrapper] Starting process:
[2023-07-10 00:57:34Z INFO ProcessInvokerWrapper]   File name: '/usr/bin/chmod'
[2023-07-10 00:57:34Z INFO ProcessInvokerWrapper]   Arguments: '600 /home/phunghx2/Week1_Ubuntu/actions-runner/.credentials_rsaparams'
[2023-07-10 00:57:34Z INFO ProcessInvokerWrapper]   Working directory: '/home/phunghx2/Week1_Ubuntu/actions-runner'
[2023-07-10 00:57:34Z INFO ProcessInvokerWrapper]   Require exit code zero: 'False'
[2023-07-10 00:57:34Z INFO ProcessInvokerWrapper]   Encoding web name:  ; code page: ''
[2023-07-10 00:57:34Z INFO ProcessInvokerWrapper]   Force kill process on cancellation: 'False'
[2023-07-10 00:57:34Z INFO ProcessInvokerWrapper]   Redirected STDIN: 'False'
[2023-07-10 00:57:34Z INFO ProcessInvokerWrapper]   Persist current code page: 'False'
[2023-07-10 00:57:34Z INFO ProcessInvokerWrapper]   Keep redirected STDIN open: 'False'
[2023-07-10 00:57:34Z INFO ProcessInvokerWrapper]   High priority process: 'False'
[2023-07-10 00:57:34Z INFO ProcessInvokerWrapper] Process started with process id 5604, waiting for process exit.
[2023-07-10 00:57:34Z INFO ProcessInvokerWrapper] STDOUT/STDERR stream read finished.
[2023-07-10 00:57:34Z INFO ProcessInvokerWrapper] STDOUT/STDERR stream read finished.
[2023-07-10 00:57:34Z INFO ProcessInvokerWrapper] Finished process 5604 with exit code 0, and elapsed time 00:00:00.0047704.
[2023-07-10 00:57:34Z INFO RSAFileKeyManager] Successfully set permissions for RSA key parameters file /home/phunghx2/Week1_Ubuntu/actions-runner/.credentials_rsaparams
[2023-07-10 00:57:35Z INFO CommandSettings] Arg 'runnergroup': ''
[2023-07-10 00:57:35Z INFO CommandSettings] Flag 'unattended': 'False'
[2023-07-10 00:57:35Z INFO PromptManager] ReadValue
[2023-07-10 00:57:35Z INFO Terminal] WRITE: Enter the name of the runner group to add this runner to: 
[2023-07-10 00:57:35Z INFO Terminal] WRITE: [press Enter for Default] 
[2023-07-10 00:57:35Z INFO Terminal] READ LINE
[2023-07-10 00:57:47Z INFO Terminal] Read value: 'assignment 1'
[2023-07-10 00:57:47Z INFO Terminal] WRITE LINE: 
[2023-07-10 00:57:47Z ERR  Runner] GitHub.DistributedTask.WebApi.TaskAgentPoolNotFoundException: Could not find any self-hosted runner group named "assignment 1".
   at GitHub.Runner.Listener.Configuration.ConfigurationManager.ConfigureAsync(CommandSettings command)
   at GitHub.Runner.Listener.Runner.ExecuteCommand(CommandSettings command)
[2023-07-10 00:57:47Z ERR  Terminal] WRITE ERROR: Could not find any self-hosted runner group named "assignment 1".
[2023-07-10 00:57:47Z INFO Listener] Runner execution has finished with return code 1
