[2023-07-10 01:12:40Z INFO HostContext] No proxy settings were found based on environmental variables (http_proxy/https_proxy/HTTP_PROXY/HTTPS_PROXY)
[2023-07-10 01:12:40Z INFO HostContext] Well known directory 'Bin': '/home/phunghx2/Week1_Ubuntu/actions-runner/bin'
[2023-07-10 01:12:40Z INFO HostContext] Well known directory 'Root': '/home/phunghx2/Week1_Ubuntu/actions-runner'
[2023-07-10 01:12:40Z INFO HostContext] Well known config file 'Credentials': '/home/phunghx2/Week1_Ubuntu/actions-runner/.credentials'
[2023-07-10 01:12:40Z INFO HostContext] Well known directory 'Bin': '/home/phunghx2/Week1_Ubuntu/actions-runner/bin'
[2023-07-10 01:12:40Z INFO HostContext] Well known directory 'Root': '/home/phunghx2/Week1_Ubuntu/actions-runner'
[2023-07-10 01:12:40Z INFO HostContext] Well known config file 'Runner': '/home/phunghx2/Week1_Ubuntu/actions-runner/.runner'
[2023-07-10 01:12:40Z INFO Listener] Runner is built for Linux (X64) - linux-x64.
[2023-07-10 01:12:40Z INFO Listener] RuntimeInformation: Linux 5.19.0-46-generic #47~22.04.1-Ubuntu SMP PREEMPT_DYNAMIC Wed Jun 21 15:35:31 UTC 2.
[2023-07-10 01:12:40Z INFO Listener] Version: 2.305.0
[2023-07-10 01:12:40Z INFO Listener] Commit: 6cbe663c239dba8a109c6ac2801b25f1ed7c51e9
[2023-07-10 01:12:40Z INFO Listener] Culture: en-US
[2023-07-10 01:12:40Z INFO Listener] UI Culture: en-US
[2023-07-10 01:12:40Z INFO HostContext] Well known directory 'Bin': '/home/phunghx2/Week1_Ubuntu/actions-runner/bin'
[2023-07-10 01:12:40Z INFO HostContext] Well known directory 'Root': '/home/phunghx2/Week1_Ubuntu/actions-runner'
[2023-07-10 01:12:40Z INFO Listener] Validating directory permissions for: '/home/phunghx2/Week1_Ubuntu/actions-runner'
[2023-07-10 01:12:40Z INFO CommandLineParser] Parse
[2023-07-10 01:12:40Z INFO CommandLineParser] Parsing 1 args
[2023-07-10 01:12:40Z INFO CommandLineParser] parsing argument
[2023-07-10 01:12:40Z INFO CommandLineParser] HasArgs: False
[2023-07-10 01:12:40Z INFO CommandLineParser] Adding Command: run
[2023-07-10 01:12:40Z INFO Listener] Arguments parsed
[2023-07-10 01:12:40Z INFO Runner] ExecuteCommand
[2023-07-10 01:12:40Z INFO ConfigurationStore] currentAssemblyLocation: /home/phunghx2/Week1_Ubuntu/actions-runner/bin/Runner.Listener.dll
[2023-07-10 01:12:40Z INFO HostContext] Well known directory 'Bin': '/home/phunghx2/Week1_Ubuntu/actions-runner/bin'
[2023-07-10 01:12:40Z INFO ConfigurationStore] binPath: /home/phunghx2/Week1_Ubuntu/actions-runner/bin
[2023-07-10 01:12:40Z INFO HostContext] Well known directory 'Bin': '/home/phunghx2/Week1_Ubuntu/actions-runner/bin'
[2023-07-10 01:12:40Z INFO HostContext] Well known directory 'Root': '/home/phunghx2/Week1_Ubuntu/actions-runner'
[2023-07-10 01:12:40Z INFO ConfigurationStore] RootFolder: /home/phunghx2/Week1_Ubuntu/actions-runner
[2023-07-10 01:12:40Z INFO HostContext] Well known directory 'Bin': '/home/phunghx2/Week1_Ubuntu/actions-runner/bin'
[2023-07-10 01:12:40Z INFO HostContext] Well known directory 'Root': '/home/phunghx2/Week1_Ubuntu/actions-runner'
[2023-07-10 01:12:40Z INFO HostContext] Well known config file 'Runner': '/home/phunghx2/Week1_Ubuntu/actions-runner/.runner'
[2023-07-10 01:12:40Z INFO ConfigurationStore] ConfigFilePath: /home/phunghx2/Week1_Ubuntu/actions-runner/.runner
[2023-07-10 01:12:40Z INFO HostContext] Well known directory 'Bin': '/home/phunghx2/Week1_Ubuntu/actions-runner/bin'
[2023-07-10 01:12:40Z INFO HostContext] Well known directory 'Root': '/home/phunghx2/Week1_Ubuntu/actions-runner'
[2023-07-10 01:12:40Z INFO HostContext] Well known config file 'Credentials': '/home/phunghx2/Week1_Ubuntu/actions-runner/.credentials'
[2023-07-10 01:12:40Z INFO ConfigurationStore] CredFilePath: /home/phunghx2/Week1_Ubuntu/actions-runner/.credentials
[2023-07-10 01:12:40Z INFO HostContext] Well known directory 'Bin': '/home/phunghx2/Week1_Ubuntu/actions-runner/bin'
[2023-07-10 01:12:40Z INFO HostContext] Well known directory 'Root': '/home/phunghx2/Week1_Ubuntu/actions-runner'
[2023-07-10 01:12:40Z INFO HostContext] Well known config file 'MigratedCredentials': '/home/phunghx2/Week1_Ubuntu/actions-runner/.credentials_migrated'
[2023-07-10 01:12:40Z INFO ConfigurationStore] MigratedCredFilePath: /home/phunghx2/Week1_Ubuntu/actions-runner/.credentials_migrated
[2023-07-10 01:12:40Z INFO HostContext] Well known directory 'Bin': '/home/phunghx2/Week1_Ubuntu/actions-runner/bin'
[2023-07-10 01:12:40Z INFO HostContext] Well known directory 'Root': '/home/phunghx2/Week1_Ubuntu/actions-runner'
[2023-07-10 01:12:40Z INFO HostContext] Well known config file 'Service': '/home/phunghx2/Week1_Ubuntu/actions-runner/.service'
[2023-07-10 01:12:40Z INFO ConfigurationStore] ServiceConfigFilePath: /home/phunghx2/Week1_Ubuntu/actions-runner/.service
[2023-07-10 01:12:40Z INFO CommandSettings] Flag 'help': 'False'
[2023-07-10 01:12:40Z INFO CommandSettings] Flag 'version': 'False'
[2023-07-10 01:12:40Z INFO CommandSettings] Flag 'commit': 'False'
[2023-07-10 01:12:40Z INFO CommandSettings] Flag 'check': 'False'
[2023-07-10 01:12:40Z INFO CommandSettings] Command 'configure': 'False'
[2023-07-10 01:12:40Z INFO CommandSettings] Command 'remove': 'False'
[2023-07-10 01:12:40Z INFO CommandSettings] Command 'warmup': 'False'
[2023-07-10 01:12:40Z INFO ConfigurationManager] LoadSettings
[2023-07-10 01:12:40Z INFO ConfigurationStore] IsConfigured()
[2023-07-10 01:12:40Z INFO ConfigurationStore] IsConfigured: True
[2023-07-10 01:12:40Z INFO ConfigurationManager] Is configured: True
[2023-07-10 01:12:40Z INFO ConfigurationStore] Read setting file: 285 chars
[2023-07-10 01:12:40Z INFO ConfigurationManager] Settings Loaded
[2023-07-10 01:12:40Z INFO ConfigurationStore] IsServiceConfigured()
[2023-07-10 01:12:40Z INFO ConfigurationStore] IsServiceConfigured: False
[2023-07-10 01:12:40Z INFO CommandSettings] Command 'run': 'True'
[2023-07-10 01:12:40Z INFO ConfigurationStore] IsConfigured()
[2023-07-10 01:12:40Z INFO ConfigurationStore] IsConfigured: True
[2023-07-10 01:12:40Z INFO ConfigurationManager] Is configured: True
[2023-07-10 01:12:40Z INFO Runner] Could not parse the argument value '' for StartupType. Defaulting to Manual
[2023-07-10 01:12:40Z INFO Runner] Set runner startup type - Manual
[2023-07-10 01:12:40Z INFO CommandSettings] Flag 'once': 'False'
[2023-07-10 01:12:40Z INFO CommandSettings] Flag 'once': 'False'
[2023-07-10 01:12:40Z INFO Runner] RunAsync
[2023-07-10 01:12:40Z INFO ConfigurationManager] LoadSettings
[2023-07-10 01:12:40Z INFO ConfigurationStore] IsConfigured()
[2023-07-10 01:12:40Z INFO ConfigurationStore] IsConfigured: True
[2023-07-10 01:12:40Z INFO ConfigurationManager] Is configured: True
[2023-07-10 01:12:40Z INFO ConfigurationManager] Settings Loaded
[2023-07-10 01:12:40Z INFO MessageListener] {
  "AgentId": 22,
  "AgentName": "phunghx",
  "PoolId": 1,
  "PoolName": "Default",
  "ServerUrl": "https://pipelines.actions.githubusercontent.com/KKJQSLy9D6hjh8pBSxRoNdoGKPa5fXyIl1k5hFmVe689ZTv9nx",
  "GitHubUrl": "https://github.com/phunghx/Week1_Ubuntu",
  "WorkFolder": "_work"
}
[2023-07-10 01:12:40Z INFO MessageListener] Loading Credentials
[2023-07-10 01:12:40Z INFO ConfigurationStore] HasCredentials()
[2023-07-10 01:12:40Z INFO ConfigurationStore] stored True
[2023-07-10 01:12:40Z INFO CredentialManager] GetCredentialProvider
[2023-07-10 01:12:40Z INFO CredentialManager] Creating type OAuth
[2023-07-10 01:12:40Z INFO CredentialManager] Creating credential type: OAuth
[2023-07-10 01:12:40Z INFO HostContext] Well known directory 'Bin': '/home/phunghx2/Week1_Ubuntu/actions-runner/bin'
[2023-07-10 01:12:40Z INFO HostContext] Well known directory 'Root': '/home/phunghx2/Week1_Ubuntu/actions-runner'
[2023-07-10 01:12:40Z INFO HostContext] Well known config file 'RSACredentials': '/home/phunghx2/Week1_Ubuntu/actions-runner/.credentials_rsaparams'
[2023-07-10 01:12:40Z INFO RSAFileKeyManager] Loading RSA key parameters from file /home/phunghx2/Week1_Ubuntu/actions-runner/.credentials_rsaparams
[2023-07-10 01:12:40Z INFO MessageListener] Attempt to create session.
[2023-07-10 01:12:40Z INFO MessageListener] Connecting to the Runner Server...
[2023-07-10 01:12:40Z INFO RunnerServer] EstablishVssConnection
[2023-07-10 01:12:40Z INFO RunnerServer] Establish connection with 100 seconds timeout.
[2023-07-10 01:12:40Z INFO GitHubActionsService] Starting operation Location.GetConnectionData
[2023-07-10 01:12:41Z INFO RunnerServer] EstablishVssConnection
[2023-07-10 01:12:41Z INFO RunnerServer] Establish connection with 60 seconds timeout.
[2023-07-10 01:12:41Z INFO GitHubActionsService] Starting operation Location.GetConnectionData
[2023-07-10 01:12:41Z INFO RunnerServer] EstablishVssConnection
[2023-07-10 01:12:41Z INFO RunnerServer] Establish connection with 60 seconds timeout.
[2023-07-10 01:12:41Z INFO GitHubActionsService] Starting operation Location.GetConnectionData
[2023-07-10 01:12:42Z INFO GitHubActionsService] Finished operation Location.GetConnectionData
[2023-07-10 01:12:42Z INFO GitHubActionsService] Finished operation Location.GetConnectionData
[2023-07-10 01:12:42Z INFO GitHubActionsService] Finished operation Location.GetConnectionData
[2023-07-10 01:12:42Z INFO MessageListener] VssConnection created
[2023-07-10 01:12:42Z INFO Terminal] WRITE LINE: 
[2023-07-10 01:12:42Z INFO Terminal] WRITE LINE: 
[2023-07-10 01:12:42Z INFO RSAFileKeyManager] Loading RSA key parameters from file /home/phunghx2/Week1_Ubuntu/actions-runner/.credentials_rsaparams
[2023-07-10 01:12:42Z INFO RSAFileKeyManager] Loading RSA key parameters from file /home/phunghx2/Week1_Ubuntu/actions-runner/.credentials_rsaparams
[2023-07-10 01:12:44Z INFO GitHubActionsService] AAD Correlation ID for this token request: Unknown
[2023-07-10 01:12:44Z INFO MessageListener] Session created.
[2023-07-10 01:12:44Z INFO Terminal] WRITE LINE: Current runner version: '2.305.0'
[2023-07-10 01:12:44Z INFO Terminal] WRITE LINE: 2023-07-10 01:12:44Z: Listening for Jobs
[2023-07-10 01:12:44Z INFO JobDispatcher] Set runner/worker IPC timeout to 30 seconds.
[2023-07-10 01:12:47Z INFO RSAFileKeyManager] Loading RSA key parameters from file /home/phunghx2/Week1_Ubuntu/actions-runner/.credentials_rsaparams
[2023-07-10 01:12:47Z INFO MessageListener] Message '3' received from session '69cae47e-38df-46de-8b97-b94e474c7c6d'.
[2023-07-10 01:12:47Z INFO Runner] Received job message of length 20912 from service, with hash '56ebb8eb0c8e56cbb47af6eb8358c3ddf271c2c302dadd40581f95f12e838e2c'
[2023-07-10 01:12:48Z INFO JobDispatcher] Job request 3 for plan f2738385-7712-4eed-9c49-7b1b77e66489 job a047640a-23da-5e9b-1ef8-917a09b3753a received.
[2023-07-10 01:12:48Z INFO JobDispatcher] Pull OrchestrationId f2738385-7712-4eed-9c49-7b1b77e66489.full-test.__default from JWT claims
[2023-07-10 01:12:48Z INFO Terminal] WRITE LINE: 2023-07-10 01:12:48Z: Running job: full-test
[2023-07-10 01:12:48Z INFO JobDispatcher] Start renew job request 3 for job a047640a-23da-5e9b-1ef8-917a09b3753a.
[2023-07-10 01:12:48Z INFO JobDispatcher] Successfully renew job request 3, job is valid till 7/10/2023 1:22:48 AM
[2023-07-10 01:12:48Z INFO HostContext] Well known directory 'Bin': '/home/phunghx2/Week1_Ubuntu/actions-runner/bin'
[2023-07-10 01:12:48Z INFO ProcessInvokerWrapper] Starting process:
[2023-07-10 01:12:48Z INFO ProcessInvokerWrapper]   File name: '/home/phunghx2/Week1_Ubuntu/actions-runner/bin/Runner.Worker'
[2023-07-10 01:12:48Z INFO ProcessInvokerWrapper]   Arguments: 'spawnclient 107 110'
[2023-07-10 01:12:48Z INFO ProcessInvokerWrapper]   Working directory: '/home/phunghx2/Week1_Ubuntu/actions-runner/bin'
[2023-07-10 01:12:48Z INFO ProcessInvokerWrapper]   Require exit code zero: 'False'
[2023-07-10 01:12:48Z INFO ProcessInvokerWrapper]   Encoding web name:  ; code page: ''
[2023-07-10 01:12:48Z INFO ProcessInvokerWrapper]   Force kill process on cancellation: 'True'
[2023-07-10 01:12:48Z INFO ProcessInvokerWrapper]   Redirected STDIN: 'False'
[2023-07-10 01:12:48Z INFO ProcessInvokerWrapper]   Persist current code page: 'False'
[2023-07-10 01:12:48Z INFO ProcessInvokerWrapper]   Keep redirected STDIN open: 'False'
[2023-07-10 01:12:48Z INFO ProcessInvokerWrapper]   High priority process: 'True'
[2023-07-10 01:12:48Z INFO ProcessInvokerWrapper] Process started with process id 9495, waiting for process exit.
[2023-07-10 01:12:48Z INFO JobDispatcher] Send job request message to worker for job a047640a-23da-5e9b-1ef8-917a09b3753a.
[2023-07-10 01:12:48Z INFO ProcessChannel] Sending message of length 20912, with hash '56ebb8eb0c8e56cbb47af6eb8358c3ddf271c2c302dadd40581f95f12e838e2c'
[2023-07-10 01:12:48Z INFO JobNotification] Entering JobStarted Notification
[2023-07-10 01:12:48Z INFO JobNotification] Entering StartMonitor
[2023-07-10 01:13:25Z INFO ProcessInvokerWrapper] STDOUT/STDERR stream read finished.
[2023-07-10 01:13:25Z INFO ProcessInvokerWrapper] STDOUT/STDERR stream read finished.
[2023-07-10 01:13:25Z INFO ProcessInvokerWrapper] Finished process 9495 with exit code 102, and elapsed time 00:00:37.0789959.
[2023-07-10 01:13:25Z INFO JobDispatcher] Worker finished for job a047640a-23da-5e9b-1ef8-917a09b3753a. Code: 102
[2023-07-10 01:13:25Z INFO JobDispatcher] finish job request for job a047640a-23da-5e9b-1ef8-917a09b3753a with result: Failed
[2023-07-10 01:13:25Z INFO Terminal] WRITE LINE: 2023-07-10 01:13:25Z: Job full-test completed with result: Failed
[2023-07-10 01:13:25Z INFO JobDispatcher] Stop renew job request for job a047640a-23da-5e9b-1ef8-917a09b3753a.
[2023-07-10 01:13:25Z INFO JobDispatcher] job renew has been cancelled, stop renew job request 3.
[2023-07-10 01:13:25Z INFO JobNotification] Entering JobCompleted Notification
[2023-07-10 01:13:25Z INFO JobNotification] Entering EndMonitor
[2023-07-10 01:13:27Z INFO RSAFileKeyManager] Loading RSA key parameters from file /home/phunghx2/Week1_Ubuntu/actions-runner/.credentials_rsaparams
[2023-07-10 01:13:27Z INFO MessageListener] Message '4' received from session '69cae47e-38df-46de-8b97-b94e474c7c6d'.
[2023-07-10 01:13:27Z INFO Runner] Received job message of length 20910 from service, with hash '0f8362f21b352361d960bebb07d0c343ddb995ddc1626e94cfb6d1fc3aafc939'
[2023-07-10 01:13:27Z INFO JobDispatcher] Job request 4 for plan f2738385-7712-4eed-9c49-7b1b77e66489 job 0e10f8dd-85b5-5bee-19c6-47fc7db6f171 received.
[2023-07-10 01:13:27Z INFO JobDispatcher] Pull OrchestrationId f2738385-7712-4eed-9c49-7b1b77e66489.unit-test.__default from JWT claims
[2023-07-10 01:13:27Z INFO JobDispatcher] Job request a047640a-23da-5e9b-1ef8-917a09b3753a processed succeed.
[2023-07-10 01:13:27Z INFO Terminal] WRITE LINE: 2023-07-10 01:13:27Z: Running job: unit-test
[2023-07-10 01:13:27Z INFO JobDispatcher] Start renew job request 4 for job 0e10f8dd-85b5-5bee-19c6-47fc7db6f171.
[2023-07-10 01:13:28Z INFO JobDispatcher] Successfully renew job request 4, job is valid till 7/10/2023 1:23:28 AM
[2023-07-10 01:13:28Z INFO HostContext] Well known directory 'Bin': '/home/phunghx2/Week1_Ubuntu/actions-runner/bin'
[2023-07-10 01:13:28Z INFO ProcessInvokerWrapper] Starting process:
[2023-07-10 01:13:28Z INFO ProcessInvokerWrapper]   File name: '/home/phunghx2/Week1_Ubuntu/actions-runner/bin/Runner.Worker'
[2023-07-10 01:13:28Z INFO ProcessInvokerWrapper]   Arguments: 'spawnclient 107 110'
[2023-07-10 01:13:28Z INFO ProcessInvokerWrapper]   Working directory: '/home/phunghx2/Week1_Ubuntu/actions-runner/bin'
[2023-07-10 01:13:28Z INFO ProcessInvokerWrapper]   Require exit code zero: 'False'
[2023-07-10 01:13:28Z INFO ProcessInvokerWrapper]   Encoding web name:  ; code page: ''
[2023-07-10 01:13:28Z INFO ProcessInvokerWrapper]   Force kill process on cancellation: 'True'
[2023-07-10 01:13:28Z INFO ProcessInvokerWrapper]   Redirected STDIN: 'False'
[2023-07-10 01:13:28Z INFO ProcessInvokerWrapper]   Persist current code page: 'False'
[2023-07-10 01:13:28Z INFO ProcessInvokerWrapper]   Keep redirected STDIN open: 'False'
[2023-07-10 01:13:28Z INFO ProcessInvokerWrapper]   High priority process: 'True'
[2023-07-10 01:13:28Z INFO ProcessInvokerWrapper] Process started with process id 10300, waiting for process exit.
[2023-07-10 01:13:28Z INFO JobDispatcher] Send job request message to worker for job 0e10f8dd-85b5-5bee-19c6-47fc7db6f171.
[2023-07-10 01:13:28Z INFO ProcessChannel] Sending message of length 20910, with hash '0f8362f21b352361d960bebb07d0c343ddb995ddc1626e94cfb6d1fc3aafc939'
[2023-07-10 01:13:28Z INFO JobNotification] Entering JobStarted Notification
[2023-07-10 01:13:28Z INFO JobNotification] Entering StartMonitor
[2023-07-10 01:13:40Z INFO ProcessInvokerWrapper] STDOUT/STDERR stream read finished.
[2023-07-10 01:13:40Z INFO ProcessInvokerWrapper] STDOUT/STDERR stream read finished.
[2023-07-10 01:13:40Z INFO ProcessInvokerWrapper] Finished process 10300 with exit code 102, and elapsed time 00:00:12.2255172.
[2023-07-10 01:13:40Z INFO JobDispatcher] Worker finished for job 0e10f8dd-85b5-5bee-19c6-47fc7db6f171. Code: 102
[2023-07-10 01:13:40Z INFO JobDispatcher] finish job request for job 0e10f8dd-85b5-5bee-19c6-47fc7db6f171 with result: Failed
[2023-07-10 01:13:40Z INFO Terminal] WRITE LINE: 2023-07-10 01:13:40Z: Job unit-test completed with result: Failed
[2023-07-10 01:13:40Z INFO JobDispatcher] Stop renew job request for job 0e10f8dd-85b5-5bee-19c6-47fc7db6f171.
[2023-07-10 01:13:40Z INFO JobDispatcher] job renew has been cancelled, stop renew job request 4.
[2023-07-10 01:13:40Z INFO JobNotification] Entering JobCompleted Notification
[2023-07-10 01:13:40Z INFO JobNotification] Entering EndMonitor
[2023-07-10 01:14:18Z INFO Terminal] WRITE LINE: Exiting...
[2023-07-10 01:14:18Z INFO ConfigurationStore] IsServiceConfigured()
[2023-07-10 01:14:18Z INFO ConfigurationStore] IsServiceConfigured: False
[2023-07-10 01:14:18Z INFO HostContext] Runner will be shutdown for UserCancelled
[2023-07-10 01:14:18Z WARN GitHubActionsService] GET request to https://pipelines.actions.githubusercontent.com/KKJQSLy9D6hjh8pBSxRoNdoGKPa5fXyIl1k5hFmVe689ZTv9nx/_apis/distributedtask/pools/1/messages?sessionId=69cae47e-38df-46de-8b97-b94e474c7c6d&lastMessageId=4&status=Online&runnerVersion=2.305.0 has been cancelled.
[2023-07-10 01:14:18Z INFO MessageListener] Get next message has been cancelled.
[2023-07-10 01:14:18Z INFO JobDispatcher] Shutting down JobDispatcher. Make sure all WorkerDispatcher has finished.
[2023-07-10 01:14:18Z INFO JobDispatcher] Ensure WorkerDispather for job 0e10f8dd-85b5-5bee-19c6-47fc7db6f171 run to finish, cancel any running job.
[2023-07-10 01:14:18Z INFO JobDispatcher] Job request 0e10f8dd-85b5-5bee-19c6-47fc7db6f171 processed succeed.
[2023-07-10 01:14:19Z INFO Listener] Runner execution been cancelled.
