[2023-07-10 00:57:50Z INFO HostContext] No proxy settings were found based on environmental variables (http_proxy/https_proxy/HTTP_PROXY/HTTPS_PROXY)
[2023-07-10 00:57:50Z INFO HostContext] Well known directory 'Bin': '/home/phunghx2/Week1_Ubuntu/actions-runner/bin'
[2023-07-10 00:57:50Z INFO HostContext] Well known directory 'Root': '/home/phunghx2/Week1_Ubuntu/actions-runner'
[2023-07-10 00:57:50Z INFO HostContext] Well known config file 'Credentials': '/home/phunghx2/Week1_Ubuntu/actions-runner/.credentials'
[2023-07-10 00:57:50Z INFO HostContext] Well known directory 'Bin': '/home/phunghx2/Week1_Ubuntu/actions-runner/bin'
[2023-07-10 00:57:50Z INFO HostContext] Well known directory 'Root': '/home/phunghx2/Week1_Ubuntu/actions-runner'
[2023-07-10 00:57:50Z INFO HostContext] Well known config file 'Runner': '/home/phunghx2/Week1_Ubuntu/actions-runner/.runner'
[2023-07-10 00:57:50Z INFO Listener] Runner is built for Linux (X64) - linux-x64.
[2023-07-10 00:57:50Z INFO Listener] RuntimeInformation: Linux 5.19.0-46-generic #47~22.04.1-Ubuntu SMP PREEMPT_DYNAMIC Wed Jun 21 15:35:31 UTC 2.
[2023-07-10 00:57:50Z INFO Listener] Version: 2.305.0
[2023-07-10 00:57:50Z INFO Listener] Commit: 6cbe663c239dba8a109c6ac2801b25f1ed7c51e9
[2023-07-10 00:57:50Z INFO Listener] Culture: en-US
[2023-07-10 00:57:50Z INFO Listener] UI Culture: en-US
[2023-07-10 00:57:50Z INFO HostContext] Well known directory 'Bin': '/home/phunghx2/Week1_Ubuntu/actions-runner/bin'
[2023-07-10 00:57:50Z INFO HostContext] Well known directory 'Root': '/home/phunghx2/Week1_Ubuntu/actions-runner'
[2023-07-10 00:57:50Z INFO Listener] Validating directory permissions for: '/home/phunghx2/Week1_Ubuntu/actions-runner'
[2023-07-10 00:57:50Z INFO CommandLineParser] Parse
[2023-07-10 00:57:50Z INFO CommandLineParser] Parsing 5 args
[2023-07-10 00:57:50Z INFO CommandLineParser] parsing argument
[2023-07-10 00:57:50Z INFO CommandLineParser] HasArgs: False
[2023-07-10 00:57:50Z INFO CommandLineParser] Adding Command: configure
[2023-07-10 00:57:50Z INFO CommandLineParser] parsing argument
[2023-07-10 00:57:50Z INFO CommandLineParser] HasArgs: True
[2023-07-10 00:57:50Z INFO CommandLineParser] arg: url
[2023-07-10 00:57:50Z INFO CommandLineParser] parsing argument
[2023-07-10 00:57:50Z INFO CommandLineParser] HasArgs: True
[2023-07-10 00:57:50Z INFO CommandLineParser] Adding option 'url': 'https://github.com/phunghx/Week1_Ubuntu'
[2023-07-10 00:57:50Z INFO CommandLineParser] parsing argument
[2023-07-10 00:57:50Z INFO CommandLineParser] HasArgs: True
[2023-07-10 00:57:50Z INFO CommandLineParser] arg: token
[2023-07-10 00:57:50Z INFO CommandLineParser] parsing argument
[2023-07-10 00:57:50Z INFO CommandLineParser] HasArgs: True
[2023-07-10 00:57:50Z INFO CommandLineParser] Adding option 'token': '***'
[2023-07-10 00:57:50Z INFO Listener] Arguments parsed
[2023-07-10 00:57:50Z INFO Runner] ExecuteCommand
[2023-07-10 00:57:50Z INFO ConfigurationStore] currentAssemblyLocation: /home/phunghx2/Week1_Ubuntu/actions-runner/bin/Runner.Listener.dll
[2023-07-10 00:57:50Z INFO HostContext] Well known directory 'Bin': '/home/phunghx2/Week1_Ubuntu/actions-runner/bin'
[2023-07-10 00:57:50Z INFO ConfigurationStore] binPath: /home/phunghx2/Week1_Ubuntu/actions-runner/bin
[2023-07-10 00:57:50Z INFO HostContext] Well known directory 'Bin': '/home/phunghx2/Week1_Ubuntu/actions-runner/bin'
[2023-07-10 00:57:50Z INFO HostContext] Well known directory 'Root': '/home/phunghx2/Week1_Ubuntu/actions-runner'
[2023-07-10 00:57:50Z INFO ConfigurationStore] RootFolder: /home/phunghx2/Week1_Ubuntu/actions-runner
[2023-07-10 00:57:50Z INFO HostContext] Well known directory 'Bin': '/home/phunghx2/Week1_Ubuntu/actions-runner/bin'
[2023-07-10 00:57:50Z INFO HostContext] Well known directory 'Root': '/home/phunghx2/Week1_Ubuntu/actions-runner'
[2023-07-10 00:57:50Z INFO HostContext] Well known config file 'Runner': '/home/phunghx2/Week1_Ubuntu/actions-runner/.runner'
[2023-07-10 00:57:50Z INFO ConfigurationStore] ConfigFilePath: /home/phunghx2/Week1_Ubuntu/actions-runner/.runner
[2023-07-10 00:57:50Z INFO HostContext] Well known directory 'Bin': '/home/phunghx2/Week1_Ubuntu/actions-runner/bin'
[2023-07-10 00:57:50Z INFO HostContext] Well known directory 'Root': '/home/phunghx2/Week1_Ubuntu/actions-runner'
[2023-07-10 00:57:50Z INFO HostContext] Well known config file 'Credentials': '/home/phunghx2/Week1_Ubuntu/actions-runner/.credentials'
[2023-07-10 00:57:50Z INFO ConfigurationStore] CredFilePath: /home/phunghx2/Week1_Ubuntu/actions-runner/.credentials
[2023-07-10 00:57:50Z INFO HostContext] Well known directory 'Bin': '/home/phunghx2/Week1_Ubuntu/actions-runner/bin'
[2023-07-10 00:57:50Z INFO HostContext] Well known directory 'Root': '/home/phunghx2/Week1_Ubuntu/actions-runner'
[2023-07-10 00:57:50Z INFO HostContext] Well known config file 'MigratedCredentials': '/home/phunghx2/Week1_Ubuntu/actions-runner/.credentials_migrated'
[2023-07-10 00:57:50Z INFO ConfigurationStore] MigratedCredFilePath: /home/phunghx2/Week1_Ubuntu/actions-runner/.credentials_migrated
[2023-07-10 00:57:50Z INFO HostContext] Well known directory 'Bin': '/home/phunghx2/Week1_Ubuntu/actions-runner/bin'
[2023-07-10 00:57:50Z INFO HostContext] Well known directory 'Root': '/home/phunghx2/Week1_Ubuntu/actions-runner'
[2023-07-10 00:57:50Z INFO HostContext] Well known config file 'Service': '/home/phunghx2/Week1_Ubuntu/actions-runner/.service'
[2023-07-10 00:57:50Z INFO ConfigurationStore] ServiceConfigFilePath: /home/phunghx2/Week1_Ubuntu/actions-runner/.service
[2023-07-10 00:57:50Z INFO CommandSettings] Flag 'help': 'False'
[2023-07-10 00:57:50Z INFO CommandSettings] Flag 'version': 'False'
[2023-07-10 00:57:50Z INFO CommandSettings] Flag 'commit': 'False'
[2023-07-10 00:57:50Z INFO CommandSettings] Flag 'check': 'False'
[2023-07-10 00:57:50Z INFO CommandSettings] Command 'configure': 'True'
[2023-07-10 00:57:50Z INFO Terminal] WRITE LINE: 
[2023-07-10 00:57:50Z INFO Terminal] WRITE LINE: --------------------------------------------------------------------------------
[2023-07-10 00:57:50Z INFO Terminal] WRITE LINE: |        ____ _ _   _   _       _          _        _   _                      |
[2023-07-10 00:57:50Z INFO Terminal] WRITE LINE: |       / ___(_) |_| | | |_   _| |__      / \   ___| |_(_) ___  _ __  ___      |
[2023-07-10 00:57:50Z INFO Terminal] WRITE LINE: |      | |  _| | __| |_| | | | | '_ \    / _ \ / __| __| |/ _ \| '_ \/ __|     |
[2023-07-10 00:57:50Z INFO Terminal] WRITE LINE: |      | |_| | | |_|  _  | |_| | |_) |  / ___ \ (__| |_| | (_) | | | \__ \     |
[2023-07-10 00:57:50Z INFO Terminal] WRITE LINE: |       \____|_|\__|_| |_|\__,_|_.__/  /_/   \_\___|\__|_|\___/|_| |_|___/     |
[2023-07-10 00:57:50Z INFO Terminal] WRITE LINE: |                                                                              |
[2023-07-10 00:57:50Z INFO Terminal] WRITE: |                       
[2023-07-10 00:57:50Z INFO Terminal] WRITE: Self-hosted runner registration
[2023-07-10 00:57:50Z INFO Terminal] WRITE LINE:                         |
[2023-07-10 00:57:50Z INFO Terminal] WRITE LINE: |                                                                              |
[2023-07-10 00:57:50Z INFO Terminal] WRITE LINE: --------------------------------------------------------------------------------
[2023-07-10 00:57:50Z INFO ConfigurationManager] ConfigureAsync
[2023-07-10 00:57:50Z INFO CommandSettings] Flag 'generateServiceConfig': 'False'
[2023-07-10 00:57:50Z INFO ConfigurationStore] IsConfigured()
[2023-07-10 00:57:50Z INFO ConfigurationStore] IsConfigured: False
[2023-07-10 00:57:50Z INFO ConfigurationManager] Is configured: False
[2023-07-10 00:57:50Z INFO CommandSettings] Arg 'url': 'https://github.com/phunghx/Week1_Ubuntu'
[2023-07-10 00:57:50Z INFO CommandSettings] Remove url from Arg dictionary.
[2023-07-10 00:57:50Z INFO CommandSettings] Arg 'token': '***'
[2023-07-10 00:57:50Z INFO CommandSettings] Remove token from Arg dictionary.
[2023-07-10 00:57:50Z INFO ConfigurationManager] Http response code: OK from 'POST https://api.github.com/actions/runner-registration' (4753:1CFE:950EC8:9D9466:64AB578E)
[2023-07-10 00:57:50Z INFO ConfigurationManager] Using V2 flow: False
[2023-07-10 00:57:50Z INFO ConfigurationManager] cred retrieved via GitHub auth
[2023-07-10 00:57:50Z INFO RunnerServer] EstablishVssConnection
[2023-07-10 00:57:50Z INFO RunnerServer] Establish connection with 100 seconds timeout.
[2023-07-10 00:57:50Z INFO GitHubActionsService] Starting operation Location.GetConnectionData
[2023-07-10 00:57:51Z INFO RunnerServer] EstablishVssConnection
[2023-07-10 00:57:51Z INFO RunnerServer] Establish connection with 60 seconds timeout.
[2023-07-10 00:57:51Z INFO GitHubActionsService] Starting operation Location.GetConnectionData
[2023-07-10 00:57:51Z INFO RunnerServer] EstablishVssConnection
[2023-07-10 00:57:51Z INFO RunnerServer] Establish connection with 60 seconds timeout.
[2023-07-10 00:57:51Z INFO GitHubActionsService] Starting operation Location.GetConnectionData
[2023-07-10 00:57:52Z INFO GitHubActionsService] Finished operation Location.GetConnectionData
[2023-07-10 00:57:52Z INFO GitHubActionsService] Finished operation Location.GetConnectionData
[2023-07-10 00:57:52Z INFO GitHubActionsService] Finished operation Location.GetConnectionData
[2023-07-10 00:57:52Z INFO Terminal] WRITE LINE: 
[2023-07-10 00:57:52Z INFO ConfigurationManager] Test Connection complete.
[2023-07-10 00:57:52Z INFO HostContext] Well known directory 'Bin': '/home/phunghx2/Week1_Ubuntu/actions-runner/bin'
[2023-07-10 00:57:52Z INFO HostContext] Well known directory 'Root': '/home/phunghx2/Week1_Ubuntu/actions-runner'
[2023-07-10 00:57:52Z INFO HostContext] Well known config file 'RSACredentials': '/home/phunghx2/Week1_Ubuntu/actions-runner/.credentials_rsaparams'
[2023-07-10 00:57:52Z INFO RSAFileKeyManager] Found existing RSA key parameters file /home/phunghx2/Week1_Ubuntu/actions-runner/.credentials_rsaparams
[2023-07-10 00:57:52Z INFO CommandSettings] Arg 'runnergroup': ''
[2023-07-10 00:57:52Z INFO CommandSettings] Flag 'unattended': 'False'
[2023-07-10 00:57:52Z INFO PromptManager] ReadValue
[2023-07-10 00:57:52Z INFO Terminal] WRITE: Enter the name of the runner group to add this runner to: 
[2023-07-10 00:57:52Z INFO Terminal] WRITE: [press Enter for Default] 
[2023-07-10 00:57:52Z INFO Terminal] READ LINE
[2023-07-10 00:57:57Z INFO Terminal] Read value: 'assignment1'
[2023-07-10 00:57:57Z INFO Terminal] WRITE LINE: 
[2023-07-10 00:57:57Z ERR  Runner] GitHub.DistributedTask.WebApi.TaskAgentPoolNotFoundException: Could not find any self-hosted runner group named "assignment1".
   at GitHub.Runner.Listener.Configuration.ConfigurationManager.ConfigureAsync(CommandSettings command)
   at GitHub.Runner.Listener.Runner.ExecuteCommand(CommandSettings command)
[2023-07-10 00:57:57Z ERR  Terminal] WRITE ERROR: Could not find any self-hosted runner group named "assignment1".
[2023-07-10 00:57:57Z INFO Listener] Runner execution has finished with return code 1
